Using pre-set license
Built from '2020.3/release' branch; Version is '2020.3.44f1 (7f159b6136da) revision 8328603'; Using compiler version '192528614'; Build Type 'Release'
OS: 'Windows 10  (10.0.19044) 64bit CoreSingleLanguage' Language: 'en' Physical Memory: 16232 MB
BatchMode: 1, IsHumanControllingUs: 0, StartBugReporterOnCrash: 0, Is64bit: 1, IsPro: 0

COMMAND LINE ARGUMENTS:
D:\SOFTWARES\Unity\Editors\2020.3.44f1\Editor\Unity.exe
-adb2
-batchMode
-noUpm
-name
AssetImportWorker0
-projectPath
D:/GitHub/ARA
-logFile
Logs/AssetImportWorker0.log
-srvPort
64317
Successfully changed project path to: D:/GitHub/ARA
D:/GitHub/ARA
Using Asset Import Pipeline V2.
Player connection [238624] Host "[IP] 192.168.1.86 [Port] 2953005152 [Flags] 2 [Guid] 407709773 [EditorId] 407709773 [Version] 1048832 [Id] WindowsEditor(7,REYDER) [Debug] 1 [PackageName] WindowsEditor [ProjectName] Editor" joined multi-casting on [225.0.0.222:54997]...

Player connection [238624] Host "[IP] 192.168.1.86 [Port] 2953005152 [Flags] 2 [Guid] 407709773 [EditorId] 407709773 [Version] 1048832 [Id] WindowsEditor(7,REYDER) [Debug] 1 [PackageName] WindowsEditor [ProjectName] Editor" joined alternative multi-casting on [225.0.0.222:34997]...

Refreshing native plugins compatible for Editor in 223.89 ms, found 3 plugins.
Preloading 0 native plugins for Editor in 0.00 ms.
Initialize engine version: 2020.3.44f1 (7f159b6136da)
[Subsystems] Discovering subsystems at path D:/SOFTWARES/Unity/Editors/2020.3.44f1/Editor/Data/Resources/UnitySubsystems
[Subsystems] Discovering subsystems at path D:/GitHub/ARA/Assets
GfxDevice: creating device client; threaded=0
Direct3D:
    Version:  Direct3D 11.0 [level 11.1]
    Renderer: NVIDIA GeForce GTX 1660 Ti (ID=0x2191)
    Vendor:   
    VRAM:     5991 MB
    Driver:   30.0.15.1295
Initialize mono
Mono path[0] = 'D:/SOFTWARES/Unity/Editors/2020.3.44f1/Editor/Data/Managed'
Mono path[1] = 'D:/SOFTWARES/Unity/Editors/2020.3.44f1/Editor/Data/MonoBleedingEdge/lib/mono/unityjit'
Mono config path = 'D:/SOFTWARES/Unity/Editors/2020.3.44f1/Editor/Data/MonoBleedingEdge/etc'
Using monoOptions --debugger-agent=transport=dt_socket,embedding=1,server=y,suspend=n,address=127.0.0.1:56428
Begin MonoManager ReloadAssembly
Registering precompiled unity dll's ...
Register platform support module: D:/SOFTWARES/Unity/Editors/2020.3.44f1/Editor/Data/PlaybackEngines/WindowsStandaloneSupport/UnityEditor.WindowsStandalone.Extensions.dll
Registered in 0.001591 seconds.
Native extension for WindowsStandalone target not found
Refreshing native plugins compatible for Editor in 80.19 ms, found 3 plugins.
Preloading 0 native plugins for Editor in 0.00 ms.
Mono: successfully reloaded assembly
- Completed reload, in  0.885 seconds
Domain Reload Profiling:
	ReloadAssembly (886ms)
		BeginReloadAssembly (83ms)
			ExecutionOrderSort (0ms)
			DisableScriptedObjects (0ms)
			BackupInstance (0ms)
			ReleaseScriptingObjects (0ms)
			CreateAndSetChildDomain (1ms)
		EndReloadAssembly (719ms)
			LoadAssemblies (83ms)
			RebuildTransferFunctionScriptingTraits (0ms)
			SetupTypeCache (252ms)
			ReleaseScriptCaches (0ms)
			RebuildScriptCaches (31ms)
			SetupLoadedEditorAssemblies (225ms)
				LogAssemblyErrors (0ms)
				InitializePlatformSupportModulesInManaged (4ms)
				SetLoadedEditorAssemblies (0ms)
				RefreshPlugins (80ms)
				BeforeProcessingInitializeOnLoad (20ms)
				ProcessInitializeOnLoadAttributes (89ms)
				ProcessInitializeOnLoadMethodAttributes (32ms)
				AfterProcessingInitializeOnLoad (0ms)
				EditorAssembliesLoaded (0ms)
			ExecutionOrderSort2 (0ms)
			AwakeInstancesAfterBackupRestoration (0ms)
Platform modules already initialized, skipping
Registering precompiled user dll's ...
Registered in 0.003491 seconds.
Begin MonoManager ReloadAssembly
Native extension for WindowsStandalone target not found
Refreshing native plugins compatible for Editor in 116.49 ms, found 3 plugins.
Preloading 0 native plugins for Editor in 0.00 ms.
Mono: successfully reloaded assembly
- Completed reload, in  2.063 seconds
Domain Reload Profiling:
	ReloadAssembly (2065ms)
		BeginReloadAssembly (162ms)
			ExecutionOrderSort (0ms)
			DisableScriptedObjects (4ms)
			BackupInstance (0ms)
			ReleaseScriptingObjects (0ms)
			CreateAndSetChildDomain (21ms)
		EndReloadAssembly (1830ms)
			LoadAssemblies (155ms)
			RebuildTransferFunctionScriptingTraits (0ms)
			SetupTypeCache (488ms)
			ReleaseScriptCaches (1ms)
			RebuildScriptCaches (61ms)
			SetupLoadedEditorAssemblies (883ms)
				LogAssemblyErrors (0ms)
				InitializePlatformSupportModulesInManaged (9ms)
				SetLoadedEditorAssemblies (0ms)
				RefreshPlugins (117ms)
				BeforeProcessingInitializeOnLoad (106ms)
				ProcessInitializeOnLoadAttributes (614ms)
				ProcessInitializeOnLoadMethodAttributes (32ms)
				AfterProcessingInitializeOnLoad (4ms)
				EditorAssembliesLoaded (1ms)
			ExecutionOrderSort2 (0ms)
			AwakeInstancesAfterBackupRestoration (4ms)
Platform modules already initialized, skipping
========================================================================
Worker process is ready to serve import requests
Launched and connected shader compiler UnityShaderCompiler.exe after 0.07 seconds
Refreshing native plugins compatible for Editor in 1.44 ms, found 3 plugins.
Preloading 0 native plugins for Editor in 0.00 ms.
Unloading 3519 Unused Serialized files (Serialized files now loaded: 0)
System memory in use before: 151.5 MB.
System memory in use after: 151.7 MB.

Unloading 38 unused Assets to reduce memory usage. Loaded Objects now: 3945.
Total: 7.211600 ms (FindLiveObjects: 0.636400 ms CreateObjectMapping: 0.313400 ms MarkObjects: 6.095800 ms  DeleteObjects: 0.164800 ms)

AssetImportParameters requested are different than current active one (requested -> active):
  custom:framework-win-MediaFoundation: 216162199b28c13a410421893ffa2e32 -> 
  custom:video-decoder-ogg-theora: a1e56fd34408186e4bbccfd4996cb3dc -> 
  custom:container-muxer-webm: aa71ff27fc2769a1b78a27578f13a17b -> 
  custom:container-demuxer-webm: 4f35f7cbe854078d1ac9338744f61a02 -> 
  custom:container-demuxer-ogg: 62fdf1f143b41e24485cea50d1cbac27 -> 
  custom:video-encoder-webm-vp8: eb34c28f22e8b96e1ab97ce403110664 -> 
  custom:video-decoder-webm-vp8: 9c59270c3fd7afecdb556c50c9e8de78 -> 
  custom:audio-decoder-ogg-vorbis: bf7c407c2cedff20999df2af8eb42d56 -> 
  custom:audio-encoder-webm-vorbis: bf7c407c2cedff20999df2af8eb42d56 -> 
========================================================================
Received Import Request.
  path: Assets/TextMesh Pro/Resources/Fonts & Materials/LiberationSans SDF - Drop Shadow.mat
  artifactKey: Guid(e73a58f6e2794ae7b1b7e50b7fb811b0) Importer(815301076,1909f56bfc062723c751e8b465ee728b)
Start importing Assets/TextMesh Pro/Resources/Fonts & Materials/LiberationSans SDF - Drop Shadow.mat using Guid(e73a58f6e2794ae7b1b7e50b7fb811b0) Importer(815301076,1909f56bfc062723c751e8b465ee728b)  -> (artifact id: '8a31c8bd8053fc7760e943cb7342a54e') in 0.579911 seconds 
========================================================================
Received Import Request.
  Time since last request: 0.005074 seconds.
  path: Assets/TextMesh Pro/Shaders/TMPro_Surface.cginc
  artifactKey: Guid(d930090c0cd643c7b55f19a38538c162) Importer(815301076,1909f56bfc062723c751e8b465ee728b)
Start importing Assets/TextMesh Pro/Shaders/TMPro_Surface.cginc using Guid(d930090c0cd643c7b55f19a38538c162) Importer(815301076,1909f56bfc062723c751e8b465ee728b)  -> (artifact id: '1cf5a7c207db49dfea031cf7f01fb927') in 0.007545 seconds 
========================================================================
Received Import Request.
  Time since last request: 0.005906 seconds.
  path: Assets/TextMesh Pro/Shaders/TMP_SDF SSD.shader
  artifactKey: Guid(14eb328de4b8eb245bb7cea29e4ac00b) Importer(815301076,1909f56bfc062723c751e8b465ee728b)
Start importing Assets/TextMesh Pro/Shaders/TMP_SDF SSD.shader using Guid(14eb328de4b8eb245bb7cea29e4ac00b) Importer(815301076,1909f56bfc062723c751e8b465ee728b)  -> (artifact id: '2d8ac818c4347e6b1ea6e639f785ad05') in 0.005962 seconds 
========================================================================
Received Import Request.
  Time since last request: 0.004756 seconds.
  path: Assets/TextMesh Pro/Shaders/TMP_SDF.shader
  artifactKey: Guid(68e6db2ebdc24f95958faec2be5558d6) Importer(815301076,1909f56bfc062723c751e8b465ee728b)
Start importing Assets/TextMesh Pro/Shaders/TMP_SDF.shader using Guid(68e6db2ebdc24f95958faec2be5558d6) Importer(815301076,1909f56bfc062723c751e8b465ee728b)  -> (artifact id: 'c69c7afaee6dbcfdfcbd7d54e2aef5d3') in 0.004866 seconds 
========================================================================
Received Import Request.
  Time since last request: 0.031958 seconds.
  path: Assets/TextMesh Pro/Shaders
  artifactKey: Guid(e9f693669af91aa45ad615fc681ed29f) Importer(815301076,1909f56bfc062723c751e8b465ee728b)
Start importing Assets/TextMesh Pro/Shaders using Guid(e9f693669af91aa45ad615fc681ed29f) Importer(815301076,1909f56bfc062723c751e8b465ee728b)  -> (artifact id: '486066d15e4e2d1f404625b357b63227') in 0.003831 seconds 
========================================================================
Received Import Request.
  Time since last request: 0.004994 seconds.
  path: Assets/Scripts/LevelButton.cs
  artifactKey: Guid(d0667bf41a74431448b377159a453e59) Importer(815301076,1909f56bfc062723c751e8b465ee728b)
Start importing Assets/Scripts/LevelButton.cs using Guid(d0667bf41a74431448b377159a453e59) Importer(815301076,1909f56bfc062723c751e8b465ee728b)  -> (artifact id: 'b942a1d85fd3204ecbf9c4cc36f9265c') in 0.006460 seconds 
========================================================================
Received Import Request.
  Time since last request: 0.004655 seconds.
  path: Assets/Settings/Scenes/URP2DSceneTemplate.unity
  artifactKey: Guid(c066e48e52bf4f34aa8b3b862ad66ac3) Importer(815301076,1909f56bfc062723c751e8b465ee728b)
Start importing Assets/Settings/Scenes/URP2DSceneTemplate.unity using Guid(c066e48e52bf4f34aa8b3b862ad66ac3) Importer(815301076,1909f56bfc062723c751e8b465ee728b)  -> (artifact id: '4c1e7a21b13918877cd443dc97ac435e') in 0.003819 seconds 
========================================================================
Received Import Request.
  Time since last request: 0.024815 seconds.
  path: Assets/Minimal UI Sounds/Click 03_Minimal UI Sounds.wav
  artifactKey: Guid(05b517e735c2cec4abd77c440b4c76ad) Importer(815301076,1909f56bfc062723c751e8b465ee728b)
Start importing Assets/Minimal UI Sounds/Click 03_Minimal UI Sounds.wav using Guid(05b517e735c2cec4abd77c440b4c76ad) Importer(815301076,1909f56bfc062723c751e8b465ee728b)  -> (artifact id: '7e1b6a9550225d84520e0986504999be') in 0.024436 seconds 
========================================================================
Received Import Request.
  Time since last request: 0.010529 seconds.
  path: Assets/Materials/keypad/keys.mat
  artifactKey: Guid(ae04d1478565e0c42bed3da117325865) Importer(815301076,1909f56bfc062723c751e8b465ee728b)
Start importing Assets/Materials/keypad/keys.mat using Guid(ae04d1478565e0c42bed3da117325865) Importer(815301076,1909f56bfc062723c751e8b465ee728b)  -> (artifact id: 'ac9496f81fe67c45d121550601ab9037') in 0.013813 seconds 
========================================================================
Received Import Request.
  Time since last request: 0.006818 seconds.
  path: Assets/TextMesh Pro/Shaders/TMP_SDF-Mobile.shader
  artifactKey: Guid(fe393ace9b354375a9cb14cdbbc28be4) Importer(815301076,1909f56bfc062723c751e8b465ee728b)
Start importing Assets/TextMesh Pro/Shaders/TMP_SDF-Mobile.shader using Guid(fe393ace9b354375a9cb14cdbbc28be4) Importer(815301076,1909f56bfc062723c751e8b465ee728b)  -> (artifact id: '13f4a4ba69455972956b869017024b30') in 0.003853 seconds 
========================================================================
Received Import Request.
  Time since last request: 0.038404 seconds.
  path: Assets/Minimal UI Sounds/Click 04_Minimal UI Sounds.wav
  artifactKey: Guid(9df4c2e414fd7d847978300d2a2b0213) Importer(815301076,1909f56bfc062723c751e8b465ee728b)
Start importing Assets/Minimal UI Sounds/Click 04_Minimal UI Sounds.wav using Guid(9df4c2e414fd7d847978300d2a2b0213) Importer(815301076,1909f56bfc062723c751e8b465ee728b)  -> (artifact id: 'f1b0373e178671dddb5bd0d7c2a7d5ab') in 0.011840 seconds 
========================================================================
Received Import Request.
  Time since last request: 0.005722 seconds.
  path: Assets/TextMesh Pro/Shaders/TMP_Bitmap.shader
  artifactKey: Guid(128e987d567d4e2c824d754223b3f3b0) Importer(815301076,1909f56bfc062723c751e8b465ee728b)
Start importing Assets/TextMesh Pro/Shaders/TMP_Bitmap.shader using Guid(128e987d567d4e2c824d754223b3f3b0) Importer(815301076,1909f56bfc062723c751e8b465ee728b)  -> (artifact id: '568fab2cffa39b34665a8abcd12d0c67') in 0.004427 seconds 
========================================================================
Received Import Request.
  Time since last request: 0.003645 seconds.
  path: Assets/TextMesh Pro/Shaders/TMP_SDF-Mobile SSD.shader
  artifactKey: Guid(c8d12adcee749c344b8117cf7c7eb912) Importer(815301076,1909f56bfc062723c751e8b465ee728b)
Start importing Assets/TextMesh Pro/Shaders/TMP_SDF-Mobile SSD.shader using Guid(c8d12adcee749c344b8117cf7c7eb912) Importer(815301076,1909f56bfc062723c751e8b465ee728b)  -> (artifact id: '1728112685bb2018e7df2aaecf372334') in 0.003518 seconds 
========================================================================
Received Import Request.
  Time since last request: 0.007450 seconds.
  path: Assets/TextMesh Pro/Resources/LineBreaking Following Characters.txt
  artifactKey: Guid(fade42e8bc714b018fac513c043d323b) Importer(815301076,1909f56bfc062723c751e8b465ee728b)
Start importing Assets/TextMesh Pro/Resources/LineBreaking Following Characters.txt using Guid(fade42e8bc714b018fac513c043d323b) Importer(815301076,1909f56bfc062723c751e8b465ee728b)  -> (artifact id: '12f1d7fa7e12de21999c1e653a67a0a6') in 0.005681 seconds 
========================================================================
Received Import Request.
  Time since last request: 0.041825 seconds.
  path: Assets/TextMesh Pro/Fonts
  artifactKey: Guid(6ab70aee4d56447429c680537fbf93ed) Importer(815301076,1909f56bfc062723c751e8b465ee728b)
Start importing Assets/TextMesh Pro/Fonts using Guid(6ab70aee4d56447429c680537fbf93ed) Importer(815301076,1909f56bfc062723c751e8b465ee728b)  -> (artifact id: 'c860dfdf0522eec1202f36843e52d436') in 0.002522 seconds 
========================================================================
Received Import Request.
  Time since last request: 0.009809 seconds.
  path: Assets/TextMesh Pro/Sprites/EmojiOne.json
  artifactKey: Guid(8f05276190cf498a8153f6cbe761d4e6) Importer(815301076,1909f56bfc062723c751e8b465ee728b)
Start importing Assets/TextMesh Pro/Sprites/EmojiOne.json using Guid(8f05276190cf498a8153f6cbe761d4e6) Importer(815301076,1909f56bfc062723c751e8b465ee728b)  -> (artifact id: 'd11218287970d257ea6e5047f7842d97') in 0.007827 seconds 
========================================================================
Received Import Request.
  Time since last request: 0.003045 seconds.
  path: Assets/TextMesh Pro/Resources/Fonts & Materials
  artifactKey: Guid(731f1baa9d144a9897cb1d341c2092b8) Importer(815301076,1909f56bfc062723c751e8b465ee728b)
Start importing Assets/TextMesh Pro/Resources/Fonts & Materials using Guid(731f1baa9d144a9897cb1d341c2092b8) Importer(815301076,1909f56bfc062723c751e8b465ee728b)  -> (artifact id: 'cbd6dcea75119183330fd0c84a35eed7') in 0.006675 seconds 
========================================================================
Received Import Request.
  Time since last request: 0.004826 seconds.
  path: Assets/TextMesh Pro
  artifactKey: Guid(f54d1bd14bd3ca042bd867b519fee8cc) Importer(815301076,1909f56bfc062723c751e8b465ee728b)
Start importing Assets/TextMesh Pro using Guid(f54d1bd14bd3ca042bd867b519fee8cc) Importer(815301076,1909f56bfc062723c751e8b465ee728b)  -> (artifact id: '16b4cbde9565bf190136f1148817e1ea') in 0.002889 seconds 
========================================================================
Received Import Request.
  Time since last request: 0.008630 seconds.
  path: Assets/Settings/UniversalRP.asset
  artifactKey: Guid(681886c5eb7344803b6206f758bf0b1c) Importer(815301076,1909f56bfc062723c751e8b465ee728b)
Start importing Assets/Settings/UniversalRP.asset using Guid(681886c5eb7344803b6206f758bf0b1c) Importer(815301076,1909f56bfc062723c751e8b465ee728b)  -> (artifact id: '5ccf7dd08997b8df241272cc24e91d7e') in 0.005005 seconds 
========================================================================
Received Import Request.
  Time since last request: 0.015234 seconds.
  path: Assets/Sounds/Tiny Click_Minimal UI Sounds.wav
  artifactKey: Guid(8c258dca7e08fb1438113b0b75348f71) Importer(815301076,1909f56bfc062723c751e8b465ee728b)
Start importing Assets/Sounds/Tiny Click_Minimal UI Sounds.wav using Guid(8c258dca7e08fb1438113b0b75348f71) Importer(815301076,1909f56bfc062723c751e8b465ee728b)  -> (artifact id: '20e36105529b3e50180576bb89304a82') in 0.007614 seconds 
========================================================================
Received Import Request.
  Time since last request: 0.026761 seconds.
  path: Assets/Editor/com.unity.mobile.notifications/NotificationSettings.asset
  artifactKey: Guid(4cee8bca36f2ab74b8feb832747fa6f4) Importer(815301076,1909f56bfc062723c751e8b465ee728b)
Start importing Assets/Editor/com.unity.mobile.notifications/NotificationSettings.asset using Guid(4cee8bca36f2ab74b8feb832747fa6f4) Importer(815301076,1909f56bfc062723c751e8b465ee728b)  -> (artifact id: 'e55d186f2c8e18e3e5e573faa7afdcee') in 0.005203 seconds 
========================================================================
Received Import Request.
  Time since last request: 0.050397 seconds.
  path: Assets/Minimal UI Sounds/Funny Click_Minimal UI Sounds.wav
  artifactKey: Guid(70e02441ad3cd8f488092b6a4933e446) Importer(815301076,1909f56bfc062723c751e8b465ee728b)
Start importing Assets/Minimal UI Sounds/Funny Click_Minimal UI Sounds.wav using Guid(70e02441ad3cd8f488092b6a4933e446) Importer(815301076,1909f56bfc062723c751e8b465ee728b)  -> (artifact id: '6ad61123fae5e0dabdc85e0cdda7f4f7') in 0.008246 seconds 
========================================================================
Received Import Request.
  Time since last request: 0.007685 seconds.
  path: Assets/Minimal UI Sounds/Coarse Click_Minimal UI Sounds.wav
  artifactKey: Guid(0e6d4d48fef8bd34f9a18cc6b7ed156c) Importer(815301076,1909f56bfc062723c751e8b465ee728b)
Start importing Assets/Minimal UI Sounds/Coarse Click_Minimal UI Sounds.wav using Guid(0e6d4d48fef8bd34f9a18cc6b7ed156c) Importer(815301076,1909f56bfc062723c751e8b465ee728b)  -> (artifact id: 'a594237ae809bea7963a41cd2cfa1b40') in 0.010674 seconds 
========================================================================
Received Import Request.
  Time since last request: 0.005249 seconds.
  path: Assets/Scripts/caster.cs
  artifactKey: Guid(25ea2edcf55b1b34aa660905e9a0cc89) Importer(815301076,1909f56bfc062723c751e8b465ee728b)
Start importing Assets/Scripts/caster.cs using Guid(25ea2edcf55b1b34aa660905e9a0cc89) Importer(815301076,1909f56bfc062723c751e8b465ee728b)  -> (artifact id: '1a7355ac1e922a19e0baae41c73a0c59') in 0.003180 seconds 
========================================================================
Received Import Request.
  Time since last request: 0.009757 seconds.
  path: Assets/Scenes/LevelSelection.unity
  artifactKey: Guid(efe8a34b6a2e28647a50441786d460d0) Importer(815301076,1909f56bfc062723c751e8b465ee728b)
Start importing Assets/Scenes/LevelSelection.unity using Guid(efe8a34b6a2e28647a50441786d460d0) Importer(815301076,1909f56bfc062723c751e8b465ee728b)  -> (artifact id: '2540d01fb734ab77b1330b639e11174e') in 0.002720 seconds 
========================================================================
Received Import Request.
  Time since last request: 0.004615 seconds.
  path: Assets/Minimal UI Sounds/Click 02_Minimal UI Sounds.wav
  artifactKey: Guid(030515f205b54fc478961cbe39c4e75e) Importer(815301076,1909f56bfc062723c751e8b465ee728b)
Start importing Assets/Minimal UI Sounds/Click 02_Minimal UI Sounds.wav using Guid(030515f205b54fc478961cbe39c4e75e) Importer(815301076,1909f56bfc062723c751e8b465ee728b)  -> (artifact id: '1175eb03b90602d3c31e8293abbc6d13') in 0.008225 seconds 
========================================================================
Received Import Request.
  Time since last request: 0.004370 seconds.
  path: Assets/TextMesh Pro/Shaders/TMP_Bitmap-Custom-Atlas.shader
  artifactKey: Guid(48bb5f55d8670e349b6e614913f9d910) Importer(815301076,1909f56bfc062723c751e8b465ee728b)
Start importing Assets/TextMesh Pro/Shaders/TMP_Bitmap-Custom-Atlas.shader using Guid(48bb5f55d8670e349b6e614913f9d910) Importer(815301076,1909f56bfc062723c751e8b465ee728b)  -> (artifact id: 'e583f897fed08fe40786674abdbdd0b6') in 0.003261 seconds 
========================================================================
Received Import Request.
  Time since last request: 0.016709 seconds.
  path: Assets/TextMesh Pro/Shaders/TMP_SDF-Surface-Mobile.shader
  artifactKey: Guid(85187c2149c549c5b33f0cdb02836b17) Importer(815301076,1909f56bfc062723c751e8b465ee728b)
Start importing Assets/TextMesh Pro/Shaders/TMP_SDF-Surface-Mobile.shader using Guid(85187c2149c549c5b33f0cdb02836b17) Importer(815301076,1909f56bfc062723c751e8b465ee728b)  -> (artifact id: '4e23bcfb8278418177d8ba551664032d') in 0.003282 seconds 
========================================================================
Received Import Request.
  Time since last request: 0.005193 seconds.
  path: Assets/TextMesh Pro/Shaders/TMPro_Properties.cginc
  artifactKey: Guid(3997e2241185407d80309a82f9148466) Importer(815301076,1909f56bfc062723c751e8b465ee728b)
Start importing Assets/TextMesh Pro/Shaders/TMPro_Properties.cginc using Guid(3997e2241185407d80309a82f9148466) Importer(815301076,1909f56bfc062723c751e8b465ee728b)  -> (artifact id: 'ce9fe1ee4b94ec9e88d38cc94bc07893') in 0.003298 seconds 
========================================================================
Received Import Request.
  Time since last request: 0.015099 seconds.
  path: Assets/Materials/room 2/notmat.mat
  artifactKey: Guid(3c97228f43d885041a3aeeed54a76495) Importer(815301076,1909f56bfc062723c751e8b465ee728b)
Start importing Assets/Materials/room 2/notmat.mat using Guid(3c97228f43d885041a3aeeed54a76495) Importer(815301076,1909f56bfc062723c751e8b465ee728b)  -> (artifact id: '7ad069e5e4d288a13e7bc2258abf3ed3') in 0.023772 seconds 
========================================================================
Received Import Request.
  Time since last request: 0.005453 seconds.
  path: Assets/TextMesh Pro/Resources/Fonts & Materials/LiberationSans SDF.asset
  artifactKey: Guid(8f586378b4e144a9851e7b34d9b748ee) Importer(815301076,1909f56bfc062723c751e8b465ee728b)
Start importing Assets/TextMesh Pro/Resources/Fonts & Materials/LiberationSans SDF.asset using Guid(8f586378b4e144a9851e7b34d9b748ee) Importer(815301076,1909f56bfc062723c751e8b465ee728b)  -> (artifact id: 'd5746464d37c02b940ea660505f063a3') in 0.075390 seconds 
========================================================================
Received Import Request.
  Time since last request: 0.007894 seconds.
  path: Assets/TextMesh Pro/Resources/Style Sheets/Default Style Sheet.asset
  artifactKey: Guid(f952c082cb03451daed3ee968ac6c63e) Importer(815301076,1909f56bfc062723c751e8b465ee728b)
Start importing Assets/TextMesh Pro/Resources/Style Sheets/Default Style Sheet.asset using Guid(f952c082cb03451daed3ee968ac6c63e) Importer(815301076,1909f56bfc062723c751e8b465ee728b)  -> (artifact id: 'e19c934881962253374b4071319a7e88') in 0.004276 seconds 
========================================================================
Received Import Request.
  Time since last request: 0.010295 seconds.
  path: Assets/Materials/note.png
  artifactKey: Guid(3d2140073827e674dac3c8cdd1d6b769) Importer(815301076,1909f56bfc062723c751e8b465ee728b)
Start importing Assets/Materials/note.png using Guid(3d2140073827e674dac3c8cdd1d6b769) Importer(815301076,1909f56bfc062723c751e8b465ee728b)  -> (artifact id: 'd177e291605fccc8cfa643a2c2f25c99') in 0.019733 seconds 
========================================================================
Received Import Request.
  Time since last request: 0.025363 seconds.
  path: Assets/Minimal UI Sounds/Clack_Minimal UI Sounds.wav
  artifactKey: Guid(5ed9970e17bfee943a6dff056dc3a9d0) Importer(815301076,1909f56bfc062723c751e8b465ee728b)
Start importing Assets/Minimal UI Sounds/Clack_Minimal UI Sounds.wav using Guid(5ed9970e17bfee943a6dff056dc3a9d0) Importer(815301076,1909f56bfc062723c751e8b465ee728b)  -> (artifact id: 'cd44fe02d5a9f07437244b250c996311') in 0.008417 seconds 
========================================================================
Received Import Request.
  Time since last request: 0.003897 seconds.
  path: Assets/TextMesh Pro/Documentation
  artifactKey: Guid(8e7e8f5a82a3a134e91c54efd2274ea9) Importer(815301076,1909f56bfc062723c751e8b465ee728b)
Start importing Assets/TextMesh Pro/Documentation using Guid(8e7e8f5a82a3a134e91c54efd2274ea9) Importer(815301076,1909f56bfc062723c751e8b465ee728b)  -> (artifact id: '7f5aa99e36510f23d626084d8be9669f') in 0.003366 seconds 
========================================================================
Received Import Request.
  Time since last request: 0.007010 seconds.
  path: Assets/TextMesh Pro/Shaders/TMPro.cginc
  artifactKey: Guid(407bc68d299748449bbf7f48ee690f8d) Importer(815301076,1909f56bfc062723c751e8b465ee728b)
Start importing Assets/TextMesh Pro/Shaders/TMPro.cginc using Guid(407bc68d299748449bbf7f48ee690f8d) Importer(815301076,1909f56bfc062723c751e8b465ee728b)  -> (artifact id: 'dbab71daa6cadb0d07b38e0198b0c183') in 0.004133 seconds 
========================================================================
Received Import Request.
  Time since last request: 0.006276 seconds.
  path: Assets/Scripts/doorStatus.cs
  artifactKey: Guid(b5606b5a99553a44d86e2f9784f350ea) Importer(815301076,1909f56bfc062723c751e8b465ee728b)
Start importing Assets/Scripts/doorStatus.cs using Guid(b5606b5a99553a44d86e2f9784f350ea) Importer(815301076,1909f56bfc062723c751e8b465ee728b)  -> (artifact id: '5a1656155ecdf5aaa154551cd68420c8') in 0.002720 seconds 
========================================================================
Received Import Request.
  Time since last request: 0.007272 seconds.
  path: Assets/TextMesh Pro/Resources/Style Sheets
  artifactKey: Guid(4aecb92fff08436c8303b10eab8da368) Importer(815301076,1909f56bfc062723c751e8b465ee728b)
Start importing Assets/TextMesh Pro/Resources/Style Sheets using Guid(4aecb92fff08436c8303b10eab8da368) Importer(815301076,1909f56bfc062723c751e8b465ee728b)  -> (artifact id: '8eb160d1f2f0150837d5eca199ae2098') in 0.002808 seconds 
========================================================================
Received Import Request.
  Time since last request: 0.004146 seconds.
  path: Assets/TextMesh Pro/Fonts/LiberationSans - OFL.txt
  artifactKey: Guid(6e59c59b81ab47f9b6ec5781fa725d2c) Importer(815301076,1909f56bfc062723c751e8b465ee728b)
Start importing Assets/TextMesh Pro/Fonts/LiberationSans - OFL.txt using Guid(6e59c59b81ab47f9b6ec5781fa725d2c) Importer(815301076,1909f56bfc062723c751e8b465ee728b)  -> (artifact id: 'dbdeb5fff33440fccfbd8334712586f6') in 0.003421 seconds 
========================================================================
Received Import Request.
  Time since last request: 0.003879 seconds.
  path: Assets/Scripts/touchInteraction.cs
  artifactKey: Guid(663689afb4e843c4d909565f587981b0) Importer(815301076,1909f56bfc062723c751e8b465ee728b)
Start importing Assets/Scripts/touchInteraction.cs using Guid(663689afb4e843c4d909565f587981b0) Importer(815301076,1909f56bfc062723c751e8b465ee728b)  -> (artifact id: '581ffd3883ef80ab31fdc0ac6a9a2b7a') in 0.002863 seconds 
========================================================================
Received Import Request.
  Time since last request: 0.003903 seconds.
  path: Assets/Materials/keypad/screen.mat
  artifactKey: Guid(cad8f146056803741b91d56035c4f57a) Importer(815301076,1909f56bfc062723c751e8b465ee728b)
Start importing Assets/Materials/keypad/screen.mat using Guid(cad8f146056803741b91d56035c4f57a) Importer(815301076,1909f56bfc062723c751e8b465ee728b)  -> (artifact id: 'bc617a0c41ed43d6def42846bb7061ef') in 0.009500 seconds 
========================================================================
Received Import Request.
  Time since last request: 0.005066 seconds.
  path: Assets/TextMesh Pro/Resources/Sprite Assets/EmojiOne.asset
  artifactKey: Guid(c41005c129ba4d66911b75229fd70b45) Importer(815301076,1909f56bfc062723c751e8b465ee728b)
Start importing Assets/TextMesh Pro/Resources/Sprite Assets/EmojiOne.asset using Guid(c41005c129ba4d66911b75229fd70b45) Importer(815301076,1909f56bfc062723c751e8b465ee728b)  -> (artifact id: '6278c755529f2029989c645468744883') in 0.010776 seconds 
========================================================================
Received Import Request.
  Time since last request: 0.003050 seconds.
  path: Assets/Editor
  artifactKey: Guid(d98ad1674ee8d5040ad22d07feddcab5) Importer(815301076,1909f56bfc062723c751e8b465ee728b)
Start importing Assets/Editor using Guid(d98ad1674ee8d5040ad22d07feddcab5) Importer(815301076,1909f56bfc062723c751e8b465ee728b)  -> (artifact id: '40fef55b648584d5cae54ceb68e57337') in 0.003061 seconds 
========================================================================
Received Import Request.
  Time since last request: 0.007909 seconds.
  path: Assets/TextMesh Pro/Shaders/TMP_SDF-Mobile Masking.shader
  artifactKey: Guid(bc1ede39bf3643ee8e493720e4259791) Importer(815301076,1909f56bfc062723c751e8b465ee728b)
Start importing Assets/TextMesh Pro/Shaders/TMP_SDF-Mobile Masking.shader using Guid(bc1ede39bf3643ee8e493720e4259791) Importer(815301076,1909f56bfc062723c751e8b465ee728b)  -> (artifact id: 'cad761f4da167a2edabeac910dacd504') in 0.003208 seconds 
========================================================================
Received Import Request.
  Time since last request: 0.013403 seconds.
  path: Assets/TextMesh Pro/Shaders/TMP_Sprite.shader
  artifactKey: Guid(cf81c85f95fe47e1a27f6ae460cf182c) Importer(815301076,1909f56bfc062723c751e8b465ee728b)
Start importing Assets/TextMesh Pro/Shaders/TMP_Sprite.shader using Guid(cf81c85f95fe47e1a27f6ae460cf182c) Importer(815301076,1909f56bfc062723c751e8b465ee728b)  -> (artifact id: 'ee2433e6d19b8aab6200d6a8eec5908d') in 0.003407 seconds 
========================================================================
Received Import Request.
  Time since last request: 0.005228 seconds.
  path: Assets/TextMesh Pro/Sprites/EmojiOne Attribution.txt
  artifactKey: Guid(381dcb09d5029d14897e55f98031fca5) Importer(815301076,1909f56bfc062723c751e8b465ee728b)
Start importing Assets/TextMesh Pro/Sprites/EmojiOne Attribution.txt using Guid(381dcb09d5029d14897e55f98031fca5) Importer(815301076,1909f56bfc062723c751e8b465ee728b)  -> (artifact id: 'abf8138c9c17c4ce67549fe3961fcaba') in 0.004170 seconds 
========================================================================
Received Import Request.
  Time since last request: 0.003873 seconds.
  path: Assets/TextMesh Pro/Shaders/TMPro_Mobile.cginc
  artifactKey: Guid(c334973cef89a9840b0b0c507e0377ab) Importer(815301076,1909f56bfc062723c751e8b465ee728b)
Start importing Assets/TextMesh Pro/Shaders/TMPro_Mobile.cginc using Guid(c334973cef89a9840b0b0c507e0377ab) Importer(815301076,1909f56bfc062723c751e8b465ee728b)  -> (artifact id: '9d5cfc04555a92899e2f093771010800') in 0.003458 seconds 
========================================================================
Received Import Request.
  Time since last request: 0.004737 seconds.
  path: Assets/Minimal UI Sounds/Spacey Click_Minimal UI Sounds.wav
  artifactKey: Guid(4fb135d3c45ee7343ba34122f8adc35f) Importer(815301076,1909f56bfc062723c751e8b465ee728b)
Start importing Assets/Minimal UI Sounds/Spacey Click_Minimal UI Sounds.wav using Guid(4fb135d3c45ee7343ba34122f8adc35f) Importer(815301076,1909f56bfc062723c751e8b465ee728b)  -> (artifact id: 'f707083901f269bad95c7a7dc1938ea3') in 0.009349 seconds 
========================================================================
Received Import Request.
  Time since last request: 0.008196 seconds.
  path: Assets/Minimal UI Sounds/Ping_Minimal UI Sounds.wav
  artifactKey: Guid(19ee23220d478354ca29f732069ff0d0) Importer(815301076,1909f56bfc062723c751e8b465ee728b)
Start importing Assets/Minimal UI Sounds/Ping_Minimal UI Sounds.wav using Guid(19ee23220d478354ca29f732069ff0d0) Importer(815301076,1909f56bfc062723c751e8b465ee728b)  -> (artifact id: '8ebf4643e8dc19a8bee42fb059128e05') in 0.008820 seconds 
========================================================================
Received Import Request.
  Time since last request: 0.005110 seconds.
  path: Assets/TextMesh Pro/Resources/Fonts & Materials/LiberationSans SDF - Fallback.asset
  artifactKey: Guid(2e498d1c8094910479dc3e1b768306a4) Importer(815301076,1909f56bfc062723c751e8b465ee728b)
Start importing Assets/TextMesh Pro/Resources/Fonts & Materials/LiberationSans SDF - Fallback.asset using Guid(2e498d1c8094910479dc3e1b768306a4) Importer(815301076,1909f56bfc062723c751e8b465ee728b)  -> (artifact id: '930fd3a9acd5411b376daf6749a76627') in 0.095893 seconds 
========================================================================
Received Import Request.
  Time since last request: 0.004763 seconds.
  path: Assets/Scripts/LatestLev.cs
  artifactKey: Guid(9226d71d759d2ce46bc1c9761547fb55) Importer(815301076,1909f56bfc062723c751e8b465ee728b)
Start importing Assets/Scripts/LatestLev.cs using Guid(9226d71d759d2ce46bc1c9761547fb55) Importer(815301076,1909f56bfc062723c751e8b465ee728b)  -> (artifact id: 'd138079273fa13894b1537be089508d1') in 0.003351 seconds 
========================================================================
Received Import Request.
  Time since last request: 0.004262 seconds.
  path: Assets/TextMesh Pro/Shaders/TMP_SDF-Surface.shader
  artifactKey: Guid(f7ada0af4f174f0694ca6a487b8f543d) Importer(815301076,1909f56bfc062723c751e8b465ee728b)
Start importing Assets/TextMesh Pro/Shaders/TMP_SDF-Surface.shader using Guid(f7ada0af4f174f0694ca6a487b8f543d) Importer(815301076,1909f56bfc062723c751e8b465ee728b)  -> (artifact id: 'a1a804f503445dd5353693d371c28866') in 0.003142 seconds 
========================================================================
Received Import Request.
  Time since last request: 0.065159 seconds.
  path: Assets/TextMesh Pro/Resources/Fonts & Materials/LiberationSans SDF - Outline.mat
  artifactKey: Guid(79459efec17a4d00a321bdcc27bbc385) Importer(815301076,1909f56bfc062723c751e8b465ee728b)
Start importing Assets/TextMesh Pro/Resources/Fonts & Materials/LiberationSans SDF - Outline.mat using Guid(79459efec17a4d00a321bdcc27bbc385) Importer(815301076,1909f56bfc062723c751e8b465ee728b)  -> (artifact id: 'db6fd94019eeb36f24f6e804b648a610') in 0.067631 seconds 
========================================================================
Received Import Request.
  Time since last request: 0.003866 seconds.
  path: Assets/TextMesh Pro/Resources/Sprite Assets
  artifactKey: Guid(512a49d95c0c4332bdd98131869c23c9) Importer(815301076,1909f56bfc062723c751e8b465ee728b)
Start importing Assets/TextMesh Pro/Resources/Sprite Assets using Guid(512a49d95c0c4332bdd98131869c23c9) Importer(815301076,1909f56bfc062723c751e8b465ee728b)  -> (artifact id: 'b31814b8e9a6a2d42a48cf87797f0e5e') in 0.003007 seconds 
========================================================================
Received Import Request.
  Time since last request: 0.008886 seconds.
  path: Assets/Scripts/LevelNo.cs
  artifactKey: Guid(bc587a436a307d944a7764f11f377d73) Importer(815301076,1909f56bfc062723c751e8b465ee728b)
Start importing Assets/Scripts/LevelNo.cs using Guid(bc587a436a307d944a7764f11f377d73) Importer(815301076,1909f56bfc062723c751e8b465ee728b)  -> (artifact id: 'fa3f7f1b27b833ae327a33d5ea864718') in 0.003121 seconds 
========================================================================
Received Import Request.
  Time since last request: 0.007423 seconds.
  path: Assets/Scenes/SampleScene.unity
  artifactKey: Guid(2cda990e2423bbf4892e6590ba056729) Importer(815301076,1909f56bfc062723c751e8b465ee728b)
Start importing Assets/Scenes/SampleScene.unity using Guid(2cda990e2423bbf4892e6590ba056729) Importer(815301076,1909f56bfc062723c751e8b465ee728b)  -> (artifact id: '249c2c8f9a338d5f27176d7fc79770a2') in 0.002809 seconds 
========================================================================
Received Import Request.
  Time since last request: 0.003950 seconds.
  path: Assets/Scripts/Pass_listen.cs
  artifactKey: Guid(78d7b36854718a240ad802910689e517) Importer(815301076,1909f56bfc062723c751e8b465ee728b)
Start importing Assets/Scripts/Pass_listen.cs using Guid(78d7b36854718a240ad802910689e517) Importer(815301076,1909f56bfc062723c751e8b465ee728b)  -> (artifact id: '55850ce1d9e20c33558f5e01fa1fdedb') in 0.003292 seconds 
========================================================================
Received Import Request.
  Time since last request: 0.021377 seconds.
  path: Assets/Materials/keypad/base panel.mat
  artifactKey: Guid(28b5fbe552389b049b4b81ce7aa4b390) Importer(815301076,1909f56bfc062723c751e8b465ee728b)
Start importing Assets/Materials/keypad/base panel.mat using Guid(28b5fbe552389b049b4b81ce7aa4b390) Importer(815301076,1909f56bfc062723c751e8b465ee728b)  -> (artifact id: 'ae3cd85e41c3514d9025a42b617dcce5') in 0.009714 seconds 
========================================================================
Received Import Request.
  Time since last request: 0.027713 seconds.
  path: Assets/TextMesh Pro/Shaders/TMP_SDF Overlay.shader
  artifactKey: Guid(dd89cf5b9246416f84610a006f916af7) Importer(815301076,1909f56bfc062723c751e8b465ee728b)
Start importing Assets/TextMesh Pro/Shaders/TMP_SDF Overlay.shader using Guid(dd89cf5b9246416f84610a006f916af7) Importer(815301076,1909f56bfc062723c751e8b465ee728b)  -> (artifact id: 'b9c785f53d6159ca8cbcf0c5822760f2') in 0.003207 seconds 
========================================================================
Received Import Request.
  Time since last request: 0.018624 seconds.
  path: Assets/Sounds/BG music.mp3
  artifactKey: Guid(3aa11e6e494cacc46a2588e5ac6ccf00) Importer(815301076,1909f56bfc062723c751e8b465ee728b)
Start importing Assets/Sounds/BG music.mp3 using Guid(3aa11e6e494cacc46a2588e5ac6ccf00) Importer(815301076,1909f56bfc062723c751e8b465ee728b)  -> (artifact id: 'ac6a9c60711580dd8a6c57f44007f212') in 0.009708 seconds 
========================================================================
Received Import Request.
  Time since last request: 0.023160 seconds.
  path: Assets/TextMesh Pro/Sprites/EmojiOne.png
  artifactKey: Guid(dffef66376be4fa480fb02b19edbe903) Importer(815301076,1909f56bfc062723c751e8b465ee728b)
Start importing Assets/TextMesh Pro/Sprites/EmojiOne.png using Guid(dffef66376be4fa480fb02b19edbe903) Importer(815301076,1909f56bfc062723c751e8b465ee728b)  -> (artifact id: '536bba7cad7d43c226458b5b205d6eff') in 0.010518 seconds 
========================================================================
Received Import Request.
  Time since last request: 0.044858 seconds.
  path: Assets/Minimal UI Sounds/Click 01_Minimal UI Sounds.wav
  artifactKey: Guid(99348d26b121bdf40bca2ff30b000207) Importer(815301076,1909f56bfc062723c751e8b465ee728b)
Start importing Assets/Minimal UI Sounds/Click 01_Minimal UI Sounds.wav using Guid(99348d26b121bdf40bca2ff30b000207) Importer(815301076,1909f56bfc062723c751e8b465ee728b)  -> (artifact id: '5c4d35e30637b66e14cd26967a667df7') in 0.008801 seconds 
========================================================================
Received Import Request.
  Time since last request: 0.004868 seconds.
  path: Assets/Scripts/LevelLoader.cs
  artifactKey: Guid(814af8376499cd4408551fcff3a65a7e) Importer(815301076,1909f56bfc062723c751e8b465ee728b)
Start importing Assets/Scripts/LevelLoader.cs using Guid(814af8376499cd4408551fcff3a65a7e) Importer(815301076,1909f56bfc062723c751e8b465ee728b)  -> (artifact id: 'de16ee6c6e5f2d5df8ea6bf9c5d49a50') in 0.002709 seconds 
========================================================================
Received Import Request.
  Time since last request: 0.005883 seconds.
  path: Assets/Editor/com.unity.mobile.notifications
  artifactKey: Guid(8d94ea3741ad8d344a76cca0aa62f67e) Importer(815301076,1909f56bfc062723c751e8b465ee728b)
Start importing Assets/Editor/com.unity.mobile.notifications using Guid(8d94ea3741ad8d344a76cca0aa62f67e) Importer(815301076,1909f56bfc062723c751e8b465ee728b)  -> (artifact id: '56e9b68fe1bdbdbdbadd02540846decf') in 0.002837 seconds 
========================================================================
Received Import Request.
  Time since last request: 0.003903 seconds.
  path: Assets/Scripts/charLeft.cs
  artifactKey: Guid(e35c603ad36ba304ebb8902cd406c9c1) Importer(815301076,1909f56bfc062723c751e8b465ee728b)
Start importing Assets/Scripts/charLeft.cs using Guid(e35c603ad36ba304ebb8902cd406c9c1) Importer(815301076,1909f56bfc062723c751e8b465ee728b)  -> (artifact id: '3768bfee7a9b2f9873a3f32335cb4f1d') in 0.003069 seconds 
========================================================================
Received Import Request.
  Time since last request: 0.004145 seconds.
  path: Assets/TextMesh Pro/Resources/TMP Settings.asset
  artifactKey: Guid(3f5b5dff67a942289a9defa416b206f3) Importer(815301076,1909f56bfc062723c751e8b465ee728b)
Start importing Assets/TextMesh Pro/Resources/TMP Settings.asset using Guid(3f5b5dff67a942289a9defa416b206f3) Importer(815301076,1909f56bfc062723c751e8b465ee728b)  -> (artifact id: 'c8cb04439967123feeb8215f3bd6c0bb') in 0.031027 seconds 
========================================================================
Received Import Request.
  Time since last request: 0.003517 seconds.
  path: Assets/TextMesh Pro/Sprites
  artifactKey: Guid(d0603b6d5186471b96c778c3949c7ce2) Importer(815301076,1909f56bfc062723c751e8b465ee728b)
Start importing Assets/TextMesh Pro/Sprites using Guid(d0603b6d5186471b96c778c3949c7ce2) Importer(815301076,1909f56bfc062723c751e8b465ee728b)  -> (artifact id: 'c825b4ecabc52a724fdd8944d5209777') in 0.003194 seconds 
========================================================================
Received Import Request.
  Time since last request: 0.056814 seconds.
  path: Assets/Sounds/Correct.mp3
  artifactKey: Guid(50a78ca6356ea5a4b84482d89c7ac56f) Importer(815301076,1909f56bfc062723c751e8b465ee728b)
Start importing Assets/Sounds/Correct.mp3 using Guid(50a78ca6356ea5a4b84482d89c7ac56f) Importer(815301076,1909f56bfc062723c751e8b465ee728b)  -> (artifact id: 'bd7afbcf687e8f900d7fad4032adebc8') in 0.008860 seconds 
========================================================================
Received Import Request.
  Time since last request: 0.021961 seconds.
  path: Assets/Materials/keypad/keypanel.mat
  artifactKey: Guid(568e2f0ec46381c499dcb7c02a91240d) Importer(815301076,1909f56bfc062723c751e8b465ee728b)
Start importing Assets/Materials/keypad/keypanel.mat using Guid(568e2f0ec46381c499dcb7c02a91240d) Importer(815301076,1909f56bfc062723c751e8b465ee728b)  -> (artifact id: 'c8a1b46469320cf701c0277a4f3ccea1') in 0.010492 seconds 
========================================================================
Received Import Request.
  Time since last request: 0.019444 seconds.
  path: Assets/TextMesh Pro/Documentation/TextMesh Pro User Guide 2016.pdf
  artifactKey: Guid(1b8d251f9af63b746bf2f7ffe00ebb9b) Importer(815301076,1909f56bfc062723c751e8b465ee728b)
Start importing Assets/TextMesh Pro/Documentation/TextMesh Pro User Guide 2016.pdf using Guid(1b8d251f9af63b746bf2f7ffe00ebb9b) Importer(815301076,1909f56bfc062723c751e8b465ee728b)  -> (artifact id: '787dea9f8bbc1857b65dd36d7b40c62c') in 0.007792 seconds 
========================================================================
Received Import Request.
  Time since last request: 0.008408 seconds.
  path: Assets/TextMesh Pro/Shaders/TMP_Bitmap-Mobile.shader
  artifactKey: Guid(1e3b057af24249748ff873be7fafee47) Importer(815301076,1909f56bfc062723c751e8b465ee728b)
Start importing Assets/TextMesh Pro/Shaders/TMP_Bitmap-Mobile.shader using Guid(1e3b057af24249748ff873be7fafee47) Importer(815301076,1909f56bfc062723c751e8b465ee728b)  -> (artifact id: '02da5e5c678910aa7a1977cc9bf6bae7') in 0.003310 seconds 
========================================================================
Received Import Request.
  Time since last request: 0.004133 seconds.
  path: Assets/TextMesh Pro/Shaders/TMP_SDF-Mobile Overlay.shader
  artifactKey: Guid(a02a7d8c237544f1962732b55a9aebf1) Importer(815301076,1909f56bfc062723c751e8b465ee728b)
Start importing Assets/TextMesh Pro/Shaders/TMP_SDF-Mobile Overlay.shader using Guid(a02a7d8c237544f1962732b55a9aebf1) Importer(815301076,1909f56bfc062723c751e8b465ee728b)  -> (artifact id: '2e740da6bbb3a5957d1600d4b825cc86') in 0.003617 seconds 
========================================================================
Received Import Request.
  Time since last request: 0.012512 seconds.
  path: Assets/TextMesh Pro/Resources
  artifactKey: Guid(243e06394e614e5d99fab26083b707fa) Importer(815301076,1909f56bfc062723c751e8b465ee728b)
Start importing Assets/TextMesh Pro/Resources using Guid(243e06394e614e5d99fab26083b707fa) Importer(815301076,1909f56bfc062723c751e8b465ee728b)  -> (artifact id: '0df7051f5b12f3f69d646d60f9166c36') in 0.003343 seconds 
========================================================================
Received Import Request.
  Time since last request: 0.004647 seconds.
  path: Assets/TextMesh Pro/Resources/LineBreaking Leading Characters.txt
  artifactKey: Guid(d82c1b31c7e74239bff1220585707d2b) Importer(815301076,1909f56bfc062723c751e8b465ee728b)
Start importing Assets/TextMesh Pro/Resources/LineBreaking Leading Characters.txt using Guid(d82c1b31c7e74239bff1220585707d2b) Importer(815301076,1909f56bfc062723c751e8b465ee728b)  -> (artifact id: '25cbdf94e2287363fadafc1c4e113eaa') in 0.004396 seconds 
========================================================================
Received Import Request.
  Time since last request: 0.018137 seconds.
  path: Assets/TextMesh Pro/Fonts/LiberationSans.ttf
  artifactKey: Guid(e3265ab4bf004d28a9537516768c1c75) Importer(815301076,1909f56bfc062723c751e8b465ee728b)
Start importing Assets/TextMesh Pro/Fonts/LiberationSans.ttf using Guid(e3265ab4bf004d28a9537516768c1c75) Importer(815301076,1909f56bfc062723c751e8b465ee728b)  -> (artifact id: 'b14c1009e6317c8c5fbc41aecce8ebce') in 0.037359 seconds 
